#
# CDDL HEADER START
#
# The contents of this file are subject to the terms of the
# Common Development and Distribution License (the "License").
# You may not use this file except in compliance with the License.
#
# You can obtain a copy of the license at usr/src/OPENSOLARIS.LICENSE
# or http://www.opensolaris.org/os/licensing.
# See the License for the specific language governing permissions
# and limitations under the License.
#
# When distributing Covered Code, include this CDDL HEADER in each
# file and include the License file at usr/src/OPENSOLARIS.LICENSE.
# If applicable, add the following below this CDDL HEADER, with the
# fields enclosed by brackets "[]" replaced with your own identifying
# information: Portions Copyright [yyyy] [name of copyright owner]
#
# CDDL HEADER END
#
# Copyright 2009 Sun Microsystems, Inc.  All rights reserved.
# Use is subject to license terms.
#
# This is a list of SVr4 packages which should be removed when installing
# a zone from an image of a physical system (that is, only when installing
# with the zoneadm -d or -a option).  Do not edit this file.  Site-specific
# packages which must be removed should be listed in the
# /etc/brand/native/pkgrm.conf file.  During the zone installation, the
# packages will be removed if they existed on the original physical system.
# 
VRTSvxvm
