# CDDL HEADER START
#
# The contents of this file are subject to the terms of the
# Common Development and Distribution License (the "License").
# You may not use this file except in compliance with the License.
#
# You can obtain a copy of the license at usr/src/OPENSOLARIS.LICENSE
# or http://www.opensolaris.org/os/licensing.
# See the License for the specific language governing permissions
# and limitations under the License.
#
# When distributing Covered Code, include this CDDL HEADER in each
# file and include the License file at usr/src/OPENSOLARIS.LICENSE.
# If applicable, add the following below this CDDL HEADER, with the
# fields enclosed by brackets "[]" replaced with your own identifying
# information: Portions Copyright [yyyy] [name of copyright owner]
#
# CDDL HEADER END
#
# Copyright 2008 Sun Microsystems, Inc.  All rights reserved.
# Use is subject to license terms.
#
NOSLOTS = No more SVs available
ARRBOUNDS = Array bounds check (min %s, max %s, got %s)
DEVEXIST = Device already present in kernel
NOSSTATE = Soft state alloc failed
BADSSTATE = Soft state corrupted
MKNOD = failed
NODEV = Device not present in kernel configuration
ENABLED = Device already enabled
LOAD = Unable to load/hold underlying disk driver
SDOPEN = Error from nsc_open()
DISABLED = Device not enabled
BUSY = Unable to disable device - device in use
BADDEV = Bad dev_t in config structure
STRATEGY = Recursive strategy functions
GENERIC = Libspcs detected a nonspecific SV error
STAT = Error from stat()
KERNEL = User access to this device is not allowed by StorageTek kernel software
AMODE = Illegal access mode
GUARDVER = Incompatible guard magic or version number
LOOKUP = Unable to translate pathname to major/minor number
NOGCLIENT = Unable to match guard client module to internal module id
GUSER = Unable to create kernel only guard, device already user enabled
LYROPEN = Error from layered driver open
