# CDDL HEADER START
#
# The contents of this file are subject to the terms of the
# Common Development and Distribution License (the "License").
# You may not use this file except in compliance with the License.
#
# You can obtain a copy of the license at usr/src/OPENSOLARIS.LICENSE
# or http://www.opensolaris.org/os/licensing.
# See the License for the specific language governing permissions
# and limitations under the License.
#
# When distributing Covered Code, include this CDDL HEADER in each
# file and include the License file at usr/src/OPENSOLARIS.LICENSE.
# If applicable, add the following below this CDDL HEADER, with the
# fields enclosed by brackets "[]" replaced with your own identifying
# information: Portions Copyright [yyyy] [name of copyright owner]
#
# CDDL HEADER END
#
# Copyright 2008 Sun Microsystems, Inc.  All rights reserved.
# Use is subject to license terms.
#
EMPTY = Empty string
HDRBMP = Unable to read or write bitmap header
INVALBMP = Bitmap magic number is not valid
MISMATCH = Arguments inconsistent with current bitmap
SHDSIZE = Shadow too small
BMPSIZE = Bitmap too small
REGISTER = Registration failed
DIRTY = Bitmap is dirty
SHUTDOWN = Shadow shutting down
OPEN = nsc_open failed
INUSE = Volume in use
NOTFOUND = Volume not enabled
COPYING = Volume copy in progress
IO = I/O error copying data
ABORTED = Copy operation aborted
PARTSIZE = nsc_partsize failed
DEPENDENCY = Volumes are not currently independent
MAPMEMORY = Could not allocate memory for bitmaps in interface library (malloc)
RSRVFAIL = nsc_reserve failed
OPACKAGE = Another package would not allow target to be changed at this moment
INCOMPLETE = Source shadow volume is not complete due to earlier overflow
NOTEXPORTED = Shadow volume is not exported
ALREADY = Operation already successfully performed
WRONGTYPE = Wrong type of shadow group
OMAGIC = Overflow volume magic number or name does not match
ODEPENDENCY = Volumes are currently dependent on overflow volume
OFFLINE = Volume offline
NOTLOCKED = Set not pid-locked
CNOTFOUND = Cluster resource group not found
GNOTFOUND = No such group defined
DISABLE = One or more sets failed to be disabled
ISEXPORTED = Update or copy not allowed on an exported shadow volume
