dw_elfstructs.h
dwarf_abbrev.c
dwarf_abbrev.h
dwarf_alloc.c
dwarf_alloc.h
dwarf_arange.c
dwarf_arange.h
dwarf_base_types.h
dwarf_debuglink.c
dwarf_debuglink.h
dwarf_die_deliv.c
dwarf_die_deliv.h
dwarf_dnames.c
dwarf_dnames.h
dwarf_dsc.c
dwarf_dsc.h
dwarf_elf_access.c
dwarf_elf_access.h
dwarf_elf_defines.h
dwarf_elf_load_headers.c
dwarf_elf_rel_detector.c
dwarf_elf_rel_detector.h
dwarf_elf_reloc_386.h
dwarf_elf_reloc_aarch64.h
dwarf_elf_reloc_arm.h
dwarf_elf_reloc_mips.h
dwarf_elf_reloc_ppc.h
dwarf_elf_reloc_ppc64.h
dwarf_elf_reloc_sparc.h
dwarf_elf_reloc_x86_64.h
dwarf_elfread.c
dwarf_elfread.h
dwarf_elfstructs.h
dwarf_errmsg_list.h
dwarf_error.c
dwarf_error.h
dwarf_form.c
dwarf_frame.c
dwarf_frame.h
dwarf_frame2.c
dwarf_funcs.c
dwarf_funcs.h
dwarf_gdbindex.c
dwarf_gdbindex.h
dwarf_generic_init.c
dwarf_global.c
dwarf_global.h
dwarf_groups.c
dwarf_harmless.c
dwarf_harmless.h
dwarf_incl.h
dwarf_init_finish.c
dwarf_leb_test.c
dwarf_leb.c
dwarf_line_table_reader_common.h
dwarf_line.c
dwarf_line.h
dwarf_loc.c
dwarf_loc.h
dwarf_locationop_read.c
dwarf_loclists.c
dwarf_loclists.h
dwarf_macho_loader.h
dwarf_machoread.c
dwarf_machoread.h
dwarf_macro.c
dwarf_macro.h
dwarf_macro5.c
dwarf_macro5.h
dwarf_names_enum.h
dwarf_names_new.h
dwarf_names.c
dwarf_names.h
dwarf_object_detector.c
dwarf_object_detector.h
dwarf_object_read_common.c
dwarf_object_read_common.h
dwarf_opaque.h
dwarf_original_elf_init.c
dwarf_pe_descr.h
dwarf_peread.c
dwarf_peread.h
dwarf_print_lines.c
dwarf_pubtypes.c
dwarf_query.c
dwarf_ranges.c
dwarf_reading.h
dwarf_reloc_386.h
dwarf_reloc_arm.h
dwarf_reloc_mips.h
dwarf_reloc_ppc.h
dwarf_reloc_ppc64.h
dwarf_reloc_x86_64.h
dwarf_rnglists.c
dwarf_rnglists.h
dwarf_str_offsets.c
dwarf_str_offsets.h
dwarf_stringsection.c
dwarf_stubs.c
dwarf_test_errmsg_list.c
dwarf_tied_decls.h
dwarf_tied_test.c
dwarf_tied.c
dwarf_tsearch.h
dwarf_tsearchhash.c
dwarf_types.c
dwarf_types.h
dwarf_util.c
dwarf_util.h
dwarf_vars.c
dwarf_vars.h
dwarf_weaks.c
dwarf_weaks.h
dwarf_xu_index.c
dwarf_xu_index.h
dwarf.h
dwarfstring.c
dwarfstring.h
dwgetopt.c
dwgetopt.h
generated_libdwarf.h.in
gennames.c
libdwarf_version.h
libdwarf.h
libdwarf.h.in
libdwarf.out
libdwarfdefs.h
Makefile
Makefile.am
Makefile.in
malloc_check.c
malloc_check.h
memcpy_swap.h
NEWS
pro_alloc.c
pro_alloc.h
pro_arange.c
pro_arange.h
pro_die.c
pro_die.h
pro_dnames.c
pro_dnames.h
pro_encode_nm.c
pro_encode_nm.h
pro_error.c
pro_error.h
pro_expr.c
pro_expr.h
pro_finish.c
pro_forms.c
pro_frame.c
pro_frame.h
pro_funcs.c
pro_incl.h
pro_init.c
pro_line.c
pro_line.h
pro_log_extra_flag_strings.c
pro_macinfo.c
pro_macinfo.h
pro_opaque.h
pro_pubnames.c
pro_reloc_stream.c
pro_reloc_stream.h
pro_reloc_symbolic.c
pro_reloc_symbolic.h
pro_reloc.c
pro_reloc.h
pro_section.c
pro_section.h
pro_types.c
pro_types.h
pro_util.h
pro_vars.c
pro_weaks.c
