# CDDL HEADER START
#
# The contents of this file are subject to the terms of the
# Common Development and Distribution License (the "License").
# You may not use this file except in compliance with the License.
#
# You can obtain a copy of the license at usr/src/OPENSOLARIS.LICENSE
# or http://www.opensolaris.org/os/licensing.
# See the License for the specific language governing permissions
# and limitations under the License.
#
# When distributing Covered Code, include this CDDL HEADER in each
# file and include the License file at usr/src/OPENSOLARIS.LICENSE.
# If applicable, add the following below this CDDL HEADER, with the
# fields enclosed by brackets "[]" replaced with your own identifying
# information: Portions Copyright [yyyy] [name of copyright owner]
#
# CDDL HEADER END
#
# Copyright 2008 Sun Microsystems, Inc.  All rights reserved.
# Use is subject to license terms.
#
DUMMY = SDBC Place holder until definitions checked in by coresw dev.
OBSOLETE = Obsolete sdbc ioctl used
DISABLE = Cache deconfig failed.  Not initialized
CLUSTER_SIZE = Get cluster size operation failed.  Cache not initialized
CLUSTER_DATA = Get cluster data operation failed.  Cache not initialized
GLMUL_SIZE = Get global size operation failed.  Cache not initialized
GLMUL_INFO = Get global info operation failed.  Cache not initialized
TOGGLE_FLUSH = Cache flushing mode is (mode %s)
UNSUPPORTED = Unknown ioctl: unsupported (cmd %s)
DISABLEFAIL = Cache not deconfigured
PINNED = Pinned data on %s
ACTIVERDC = Active RDC pair not closed
UNREG = Could not unregister sdbc io module
ALREADY = Cache enable failed.  Already initialized.
ENABLEFAIL = Cache enable failed.
SIZE = Cache block size %s not supported.
MAGIC = Mismatched versions of scmadm and sdbc module.
NONETMEM = Insufficient memory for cache.
NOIOBMEM = No memory for iobuf hooks.
NOIOBCB = Missing iobuf driver callback.
NOHANDLEMEM = No memory for buffer handles.
MEMCONFIG = Cache memory initialzation error.
FLUSHTHRD = Flush threads create failure.
NOHASH = Cannot create hash table
NOCB = Cannot allocate cache block structures
NOCCTL = Cannot allocate cctl sync structures
NOCD = Cannot allocate cache data structures
NOMIRRORCD = Cannot allocate cache data structures for mirror areas
NOSHAREDFILE = Cannot allocate shared file area
NOSFNV = Cannot allocate shared file area in nvmem
NOREFRESH = Unable to refresh host memory
INVHOSTID = Hostid %s greater than maximum (%s)
NOTSAME = Self host %s and mirror host %s cannot be the same
NORMLOCKS = No RM locks configured
GLDMAFAIL = Global information transfer failed
MODELCONVERT = 64 bit conversion called on a 32 bit system
ABUFS = Anonymous buffers currently allocated from sdbc
NODEVENABLED = Device not enabled in cache
